{"meta": {"format": 3, "version": "7.13.1", "timestamp": "2026-01-13T01:06:34.205251", "branch_coverage": false, "show_contexts": false}, "files": {"skills/youtube-obsidian/scripts/conftest.py": {"executed_lines": [9, 10, 11, 12, 13, 15, 16, 17, 25, 26, 43, 44, 53, 54, 68, 69, 82, 83, 88, 89, 95, 96, 104, 105, 115, 116, 130, 131, 136, 137, 154, 155, 172, 173, 190, 191, 211, 212, 238, 239, 246, 247, 259, 260, 271, 272, 287, 288, 339, 340, 391, 393, 396, 399, 402, 405, 406, 409], "summary": {"covered_lines": 58, "num_statements": 92, "percent_covered": 63.04347826086956, "percent_covered_display": "63", "missing_lines": 34, "excluded_lines": 0, "percent_statements_covered": 63.04347826086956, "percent_statements_covered_display": "63"}, "missing_lines": [36, 46, 56, 75, 85, 91, 92, 98, 107, 121, 133, 139, 162, 163, 164, 165, 166, 167, 169, 178, 202, 203, 226, 227, 228, 230, 241, 243, 249, 251, 262, 274, 290, 342], "excluded_lines": [], "functions": {"sample_metadata": {"executed_lines": [], "summary": {"covered_lines": 0, "num_statements": 1, "percent_covered": 0.0, "percent_covered_display": "0", "missing_lines": 1, "excluded_lines": 0, "percent_statements_covered": 0.0, "percent_statements_covered_display": "0"}, "missing_lines": [36], "excluded_lines": [], "start_line": 26}, "sample_metadata_empty": {"executed_lines": [], "summary": {"covered_lines": 0, "num_statements": 1, "percent_covered": 0.0, "percent_covered_display": "0", "missing_lines": 1, "excluded_lines": 0, "percent_statements_covered": 0.0, "percent_statements_covered_display": "0"}, "missing_lines": [46], "excluded_lines": [], "start_line": 44}, "sample_metadata_special_chars": {"executed_lines": [], "summary": {"covered_lines": 0, "num_statements": 1, "percent_covered": 0.0, "percent_covered_display": "0", "missing_lines": 1, "excluded_lines": 0, "percent_statements_covered": 0.0, "percent_statements_covered_display": "0"}, "missing_lines": [56], "excluded_lines": [], "start_line": 54}, "sample_transcript": {"executed_lines": [], "summary": {"covered_lines": 0, "num_statements": 1, "percent_covered": 0.0, "percent_covered_display": "0", "missing_lines": 1, "excluded_lines": 0, "percent_statements_covered": 0.0, "percent_statements_covered_display": "0"}, "missing_lines": [75], "excluded_lines": [], "start_line": 69}, "sample_transcript_empty": {"executed_lines": [], "summary": {"covered_lines": 0, "num_statements": 1, "percent_covered": 0.0, "percent_covered_display": "0", "missing_lines": 1, "excluded_lines": 0, "percent_statements_covered": 0.0, "percent_statements_covered_display": "0"}, "missing_lines": [85], "excluded_lines": [], "start_line": 83}, "sample_transcript_very_long": {"executed_lines": [], "summary": {"covered_lines": 0, "num_statements": 2, "percent_covered": 0.0, "percent_covered_display": "0", "missing_lines": 2, "excluded_lines": 0, "percent_statements_covered": 0.0, "percent_statements_covered_display": "0"}, "missing_lines": [91, 92], "excluded_lines": [], "start_line": 89}, "sample_transcript_special_chars": {"executed_lines": [], "summary": {"covered_lines": 0, "num_statements": 1, "percent_covered": 0.0, "percent_covered_display": "0", "missing_lines": 1, "excluded_lines": 0, "percent_statements_covered": 0.0, "percent_statements_covered_display": "0"}, "missing_lines": [98], "excluded_lines": [], "start_line": 96}, "sample_transcript_no_caps": {"executed_lines": [], "summary": {"covered_lines": 0, "num_statements": 1, "percent_covered": 0.0, "percent_covered_display": "0", "missing_lines": 1, "excluded_lines": 0, "percent_statements_covered": 0.0, "percent_statements_covered_display": "0"}, "missing_lines": [107], "excluded_lines": [], "start_line": 105}, "youtube_api_response": {"executed_lines": [], "summary": {"covered_lines": 0, "num_statements": 1, "percent_covered": 0.0, "percent_covered_display": "0", "missing_lines": 1, "excluded_lines": 0, "percent_statements_covered": 0.0, "percent_statements_covered_display": "0"}, "missing_lines": [121], "excluded_lines": [], "start_line": 116}, "youtube_api_response_empty": {"executed_lines": [], "summary": {"covered_lines": 0, "num_statements": 1, "percent_covered": 0.0, "percent_covered_display": "0", "missing_lines": 1, "excluded_lines": 0, "percent_statements_covered": 0.0, "percent_statements_covered_display": "0"}, "missing_lines": [133], "excluded_lines": [], "start_line": 131}, "youtube_api_response_malformed": {"executed_lines": [], "summary": {"covered_lines": 0, "num_statements": 1, "percent_covered": 0.0, "percent_covered_display": "0", "missing_lines": 1, "excluded_lines": 0, "percent_statements_covered": 0.0, "percent_statements_covered_display": "0"}, "missing_lines": [139], "excluded_lines": [], "start_line": 137}, "mock_transcript_entry_factory": {"executed_lines": [], "summary": {"covered_lines": 0, "num_statements": 2, "percent_covered": 0.0, "percent_covered_display": "0", "missing_lines": 2, "excluded_lines": 0, "percent_statements_covered": 0.0, "percent_statements_covered_display": "0"}, "missing_lines": [162, 169], "excluded_lines": [], "start_line": 155}, "mock_transcript_entry_factory._create_entry": {"executed_lines": [], "summary": {"covered_lines": 0, "num_statements": 5, "percent_covered": 0.0, "percent_covered_display": "0", "missing_lines": 5, "excluded_lines": 0, "percent_statements_covered": 0.0, "percent_statements_covered_display": "0"}, "missing_lines": [163, 164, 165, 166, 167], "excluded_lines": [], "start_line": 162}, "mock_transcript_list": {"executed_lines": [], "summary": {"covered_lines": 0, "num_statements": 1, "percent_covered": 0.0, "percent_covered_display": "0", "missing_lines": 1, "excluded_lines": 0, "percent_statements_covered": 0.0, "percent_statements_covered_display": "0"}, "missing_lines": [178], "excluded_lines": [], "start_line": 173}, "temp_vault_path": {"executed_lines": [], "summary": {"covered_lines": 0, "num_statements": 2, "percent_covered": 0.0, "percent_covered_display": "0", "missing_lines": 2, "excluded_lines": 0, "percent_statements_covered": 0.0, "percent_statements_covered_display": "0"}, "missing_lines": [202, 203], "excluded_lines": [], "start_line": 191}, "mock_env_vars": {"executed_lines": [], "summary": {"covered_lines": 0, "num_statements": 2, "percent_covered": 0.0, "percent_covered_display": "0", "missing_lines": 2, "excluded_lines": 0, "percent_statements_covered": 0.0, "percent_statements_covered_display": "0"}, "missing_lines": [226, 230], "excluded_lines": [], "start_line": 212}, "mock_env_vars._set_env": {"executed_lines": [], "summary": {"covered_lines": 0, "num_statements": 2, "percent_covered": 0.0, "percent_covered_display": "0", "missing_lines": 2, "excluded_lines": 0, "percent_statements_covered": 0.0, "percent_statements_covered_display": "0"}, "missing_lines": [227, 228], "excluded_lines": [], "start_line": 226}, "mock_timeout_error": {"executed_lines": [], "summary": {"covered_lines": 0, "num_statements": 2, "percent_covered": 0.0, "percent_covered_display": "0", "missing_lines": 2, "excluded_lines": 0, "percent_statements_covered": 0.0, "percent_statements_covered_display": "0"}, "missing_lines": [241, 243], "excluded_lines": [], "start_line": 239}, "mock_connection_error": {"executed_lines": [], "summary": {"covered_lines": 0, "num_statements": 2, "percent_covered": 0.0, "percent_covered_display": "0", "missing_lines": 2, "excluded_lines": 0, "percent_statements_covered": 0.0, "percent_statements_covered_display": "0"}, "missing_lines": [249, 251], "excluded_lines": [], "start_line": 247}, "valid_youtube_urls": {"executed_lines": [], "summary": {"covered_lines": 0, "num_statements": 1, "percent_covered": 0.0, "percent_covered_display": "0", "missing_lines": 1, "excluded_lines": 0, "percent_statements_covered": 0.0, "percent_statements_covered_display": "0"}, "missing_lines": [262], "excluded_lines": [], "start_line": 260}, "invalid_youtube_urls": {"executed_lines": [], "summary": {"covered_lines": 0, "num_statements": 1, "percent_covered": 0.0, "percent_covered_display": "0", "missing_lines": 1, "excluded_lines": 0, "percent_statements_covered": 0.0, "percent_statements_covered_display": "0"}, "missing_lines": [274], "excluded_lines": [], "start_line": 272}, "tag_generation_test_cases": {"executed_lines": [], "summary": {"covered_lines": 0, "num_statements": 1, "percent_covered": 0.0, "percent_covered_display": "0", "missing_lines": 1, "excluded_lines": 0, "percent_statements_covered": 0.0, "percent_statements_covered_display": "0"}, "missing_lines": [290], "excluded_lines": [], "start_line": 288}, "filename_sanitization_test_cases": {"executed_lines": [], "summary": {"covered_lines": 0, "num_statements": 1, "percent_covered": 0.0, "percent_covered_display": "0", "missing_lines": 1, "excluded_lines": 0, "percent_statements_covered": 0.0, "percent_statements_covered_display": "0"}, "missing_lines": [342], "excluded_lines": [], "start_line": 340}, "pytest_configure": {"executed_lines": [393, 396, 399, 402, 405, 406, 409], "summary": {"covered_lines": 7, "num_statements": 7, "percent_covered": 100.0, "percent_covered_display": "100", "missing_lines": 0, "excluded_lines": 0, "percent_statements_covered": 100.0, "percent_statements_covered_display": "100"}, "missing_lines": [], "excluded_lines": [], "start_line": 391}, "": {"executed_lines": [9, 10, 11, 12, 13, 15, 16, 17, 25, 26, 43, 44, 53, 54, 68, 69, 82, 83, 88, 89, 95, 96, 104, 105, 115, 116, 130, 131, 136, 137, 154, 155, 172, 173, 190, 191, 211, 212, 238, 239, 246, 247, 259, 260, 271, 272, 287, 288, 339, 340, 391], "summary": {"covered_lines": 51, "num_statements": 51, "percent_covered": 100.0, "percent_covered_display": "100", "missing_lines": 0, "excluded_lines": 0, "percent_statements_covered": 100.0, "percent_statements_covered_display": "100"}, "missing_lines": [], "excluded_lines": [], "start_line": 1}}, "classes": {"": {"executed_lines": [9, 10, 11, 12, 13, 15, 16, 17, 25, 26, 43, 44, 53, 54, 68, 69, 82, 83, 88, 89, 95, 96, 104, 105, 115, 116, 130, 131, 136, 137, 154, 155, 172, 173, 190, 191, 211, 212, 238, 239, 246, 247, 259, 260, 271, 272, 287, 288, 339, 340, 391, 393, 396, 399, 402, 405, 406, 409], "summary": {"covered_lines": 58, "num_statements": 92, "percent_covered": 63.04347826086956, "percent_covered_display": "63", "missing_lines": 34, "excluded_lines": 0, "percent_statements_covered": 63.04347826086956, "percent_statements_covered_display": "63"}, "missing_lines": [36, 46, 56, 75, 85, 91, 92, 98, 107, 121, 133, 139, 162, 163, 164, 165, 166, 167, 169, 178, 202, 203, 226, 227, 228, 230, 241, 243, 249, 251, 262, 274, 290, 342], "excluded_lines": [], "start_line": 1}}}, "skills/youtube-obsidian/scripts/get_youtube_data.py": {"executed_lines": [2, 3, 4, 5, 7, 8, 13, 14, 23, 25, 30, 31, 32, 33, 35, 38, 40, 41, 48, 49, 51, 53, 54, 56, 57, 64, 66, 67, 68, 69, 70, 71, 72, 75, 77, 79, 80, 82, 84, 85, 86, 87, 88, 90, 116, 117, 118, 119, 121, 124, 126, 127, 128, 129, 131, 132, 134, 137, 141, 142, 143, 145, 147, 156, 163, 164, 169, 176, 179, 180, 181, 185, 186, 187, 188, 190, 191, 192, 194, 195, 196, 197, 199, 200, 201, 202, 204, 205, 206, 208, 209, 210, 212, 213, 214, 216, 217, 221, 223, 224, 226, 227, 228, 235], "summary": {"covered_lines": 104, "num_statements": 114, "percent_covered": 91.2280701754386, "percent_covered_display": "91", "missing_lines": 10, "excluded_lines": 0, "percent_statements_covered": 91.2280701754386, "percent_statements_covered_display": "91"}, "missing_lines": [9, 10, 11, 15, 16, 20, 230, 231, 232, 236], "excluded_lines": [], "functions": {"extract_video_id": {"executed_lines": [25, 30, 31, 32, 33, 35], "summary": {"covered_lines": 6, "num_statements": 6, "percent_covered": 100.0, "percent_covered_display": "100", "missing_lines": 0, "excluded_lines": 0, "percent_statements_covered": 100.0, "percent_statements_covered_display": "100"}, "missing_lines": [], "excluded_lines": [], "start_line": 23}, "get_video_metadata": {"executed_lines": [40, 41, 48, 49, 51, 53, 54, 56, 57], "summary": {"covered_lines": 9, "num_statements": 9, "percent_covered": 100.0, "percent_covered_display": "100", "missing_lines": 0, "excluded_lines": 0, "percent_statements_covered": 100.0, "percent_statements_covered_display": "100"}, "missing_lines": [], "excluded_lines": [], "start_line": 38}, "get_transcript": {"executed_lines": [66, 67, 68, 69, 70, 71, 72], "summary": {"covered_lines": 7, "num_statements": 7, "percent_covered": 100.0, "percent_covered_display": "100", "missing_lines": 0, "excluded_lines": 0, "percent_statements_covered": 100.0, "percent_statements_covered_display": "100"}, "missing_lines": [], "excluded_lines": [], "start_line": 64}, "generate_tags": {"executed_lines": [77, 79, 80, 82, 84, 85, 86, 87, 88, 90, 116, 117, 118, 119, 121], "summary": {"covered_lines": 15, "num_statements": 15, "percent_covered": 100.0, "percent_covered_display": "100", "missing_lines": 0, "excluded_lines": 0, "percent_statements_covered": 100.0, "percent_statements_covered_display": "100"}, "missing_lines": [], "excluded_lines": [], "start_line": 75}, "sanitize_filename": {"executed_lines": [126, 127, 128, 129, 131, 132, 134], "summary": {"covered_lines": 7, "num_statements": 7, "percent_covered": 100.0, "percent_covered_display": "100", "missing_lines": 0, "excluded_lines": 0, "percent_statements_covered": 100.0, "percent_statements_covered_display": "100"}, "missing_lines": [], "excluded_lines": [], "start_line": 124}, "create_obsidian_note": {"executed_lines": [141, 142, 143, 145, 147, 156, 163, 164, 169, 176], "summary": {"covered_lines": 10, "num_statements": 10, "percent_covered": 100.0, "percent_covered_display": "100", "missing_lines": 0, "excluded_lines": 0, "percent_statements_covered": 100.0, "percent_statements_covered_display": "100"}, "missing_lines": [], "excluded_lines": [], "start_line": 137}, "main": {"executed_lines": [180, 181, 185, 186, 187, 188, 190, 191, 192, 194, 195, 196, 197, 199, 200, 201, 202, 204, 205, 206, 208, 209, 210, 212, 213, 214, 216, 217, 221, 223, 224, 226, 227, 228], "summary": {"covered_lines": 34, "num_statements": 37, "percent_covered": 91.89189189189189, "percent_covered_display": "92", "missing_lines": 3, "excluded_lines": 0, "percent_statements_covered": 91.89189189189189, "percent_statements_covered_display": "92"}, "missing_lines": [230, 231, 232], "excluded_lines": [], "start_line": 179}, "": {"executed_lines": [2, 3, 4, 5, 7, 8, 13, 14, 23, 38, 64, 75, 124, 137, 179, 235], "summary": {"covered_lines": 16, "num_statements": 23, "percent_covered": 69.56521739130434, "percent_covered_display": "70", "missing_lines": 7, "excluded_lines": 0, "percent_statements_covered": 69.56521739130434, "percent_statements_covered_display": "70"}, "missing_lines": [9, 10, 11, 15, 16, 20, 236], "excluded_lines": [], "start_line": 1}}, "classes": {"": {"executed_lines": [2, 3, 4, 5, 7, 8, 13, 14, 23, 25, 30, 31, 32, 33, 35, 38, 40, 41, 48, 49, 51, 53, 54, 56, 57, 64, 66, 67, 68, 69, 70, 71, 72, 75, 77, 79, 80, 82, 84, 85, 86, 87, 88, 90, 116, 117, 118, 119, 121, 124, 126, 127, 128, 129, 131, 132, 134, 137, 141, 142, 143, 145, 147, 156, 163, 164, 169, 176, 179, 180, 181, 185, 186, 187, 188, 190, 191, 192, 194, 195, 196, 197, 199, 200, 201, 202, 204, 205, 206, 208, 209, 210, 212, 213, 214, 216, 217, 221, 223, 224, 226, 227, 228, 235], "summary": {"covered_lines": 104, "num_statements": 114, "percent_covered": 91.2280701754386, "percent_covered_display": "91", "missing_lines": 10, "excluded_lines": 0, "percent_statements_covered": 91.2280701754386, "percent_statements_covered_display": "91"}, "missing_lines": [9, 10, 11, 15, 16, 20, 230, 231, 232, 236], "excluded_lines": [], "start_line": 1}}}}, "totals": {"covered_lines": 162, "num_statements": 206, "percent_covered": 78.64077669902913, "percent_covered_display": "79", "missing_lines": 44, "excluded_lines": 0, "percent_statements_covered": 78.64077669902913, "percent_statements_covered_display": "79"}}